Project Bitcoin Cash not found
Project Binance Coin not found
Project VeChain not found
Project Dogecoin not found
Project Maker not found
Project Bitcoin Gold not found
Project Bitcoin Diamond not found
Project DigiByte not found
Project Siacoin not found
Project Steem not found
Project Basic Attention Token not found
Project Verge not found
Project TrueUSD not found
Project Metaverse ETP not found
Project Waltonchain not found
Project Ardor not found
Project KuCoin Shares not found
Project Digitex Futures not found
Project ETERNAL TOKEN not found
Project ReddCoin not found
Project MaidSafeCoin not found
Project GXChain not found
Project HyperCash not found
Project PIVX not found
Project MonaCoin not found
Project MOAC not found
Project Crypto.com not found
Project Horizen not found
Project Ravencoin not found
