
Project 0xBitcoin not found

Project 2GIVE not found

Project 42-coin not found

Project 808Coin not found

Project 8Bit not found

Project AC3 not found

Project Accelerator Network not found

Project ACChain not found

Project ACE (TokenStars) not found

Project ACRE not found

Project Acute Angle Cloud not found

Project Adenz not found

Project Adrenaline not found

Project AdultChain not found

Project Advanced Internet Blocks not found

Project Adzcoin not found

Project Aegeus not found

Project AICHAIN not found

Project AI Doctor not found

Project Aidos Kuneen not found

Project AiLink Token not found

Project Akroma not found

Project Akuya Coin not found

Project Alchemint Standards not found

Project Allion not found

Project AllSafe not found

Project Alphacat not found

Project ALQO not found

Project Altcoin not found

Project SONO not found

Project Ammo Reloaded not found

Project AmsterdamCoin not found

Project AnarchistsPrime not found

Project Animation Vision Cash not found

Project Animecoin not found

Project Anoncoin not found

Project Antimatter not found

Project Apollo Currency not found

Project APR Coin not found

Project AquariusCoin not found

Project Arbitracoin not found

Project Advanced Technology Coin not found

Project Ardor not found

Project Arepacoin not found

Project Argentum not found

Project Argus not found

Project Aricoin not found

Project Arion not found

Project Arionum not found

Project ARLIZE not found

Project ArtByte not found

Project Artex Coin not found

Project Asch not found

Project Aseancoin not found

Project AsiaCoin not found

Project Asiadigicoin not found

Project ATC Coin not found

Project Atmos not found

Project Atomic Coin not found

Project ATMChain not found

Project AudioCoin not found

Project Auroracoin not found

Project AurumCoin not found

Project AvatarCoin not found

Project AWARE not found

Project Axiom not found

Project B3Coin not found

Project Bank Coin not found

Project Banyan Network not found

Project Bastonet not found

Project BBSCoin not found

Project Bean Cash not found

Project BeeKan not found

Project Beetle Coin not found

Project Bela not found

Project BenjiRolls not found

Project BERNcash not found

Project BetaCoin not found

Project Bettex Coin not found

Project BFFDoom not found

Project BHPCash not found

Project BiblePay not found

Project Bibox Token not found

Project BigONE Token not found

Project BigUp not found

Project BingoCoin not found

Project BipCoin not found

Project Birds not found

Project Bismuth not found

Project BitTube not found

Project Bit-Z Token not found

Project Bit20 not found

Project BitAsean not found

Project BitBar not found

Project BitBay not found

Project Bitblocks not found

Project bitBTC not found

Project BitCapitalVendor not found

Project Bitcloud not found

Project bitCNY not found

Project BitCoal not found

Project Bitcoin 21 not found

Project Bitcoin Adult not found

Project Bitcoin Atom not found

Project Bitcoin Cash not found

Project Bitcoin Diamond not found

Project Bitcoin File not found

Project Bitcoin God not found

Project Bitcoin Gold not found

Project Bitcoin Green not found

Project Bitcoin Incognito not found

Project Bitcoin Instant not found

Project Bitcoin Interest not found

Project BitCoin One not found

Project Bitcoin Planet not found

Project Bitcoin Plus not found

Project Bitcoin Private not found

Project Bitcoin Red not found

Project Bitcoin Scrypt not found

Project Bitcoin Token not found

Project Bitcoin W Spectrum not found

Project BitcoinDark not found

Project Bitcoin Fast not found

Project BitcoiNote not found

Project BitcoinX not found

Project BitcoinZ not found

Project BitConnect not found

Project Bitcore not found

Project Bitcurrency not found

Project Bitdeal not found

Project bitEUR not found

Project bitGold not found

Project BitKan not found

Project Bitmark not found

Project BitNewChain not found

Project BitQuark not found

Project bitqy not found

Project Bitradio not found

Project BitScreener Token not found

Project BitSend not found

Project BitSerial not found

Project SounDAC not found

Project bitSilver not found

Project BitSoar not found

Project Bitstar not found

Project BitStation not found

Project Bitsum not found

Project Bitswift not found

Project BitUP Token not found

Project bitUSD not found

Project Bitvolt not found

Project BitWhite not found

Project Bitzeny not found

Project BlackCoin not found

Project Blakecoin not found

Project BlazeCoin not found

Project BlazerCoin not found

Project Blockchain Quotations Index Token not found

Project Blocknet not found

Project Blocknode not found

Project Blocktrade not found

Project BlueCoin not found

Project BnkToTheFuture not found

Project BnrtxCoin not found

Project Bob&#39;s Repair not found

Project Bolivarcoin not found

Project Boolberry not found

Project BoostCoin not found

Project BowsCoin not found

Project BOXX Token [Blockparty] not found

Project BrahmaOS not found

Project Breakout Stake not found

Project Breakout not found

Project BriaCoin not found

Project BridgeCoin not found

Project BritCoin not found

Project BrokerNekoNetwork not found

Project BT2 [CST] not found

Project BTCMoon not found

Project BTCtalkcoin not found

Project Bullion not found

Project Bulwark not found

Project BumbaCoin not found

Project BunnyCoin not found

Project BuzzCoin not found

Project Bytecent not found

Project C-Bit not found

Project C2C System not found

Project Cabbage not found

Project CacheCoin not found

Project Californium not found

Project Callisto Network not found

Project CampusCoin not found

Project Canada eCoin not found

Project Candy not found

Project CannabisCoin not found

Project CannaCoin not found

Project Cannation not found

Project Capricoin not found

Project Carboncoin not found

Project Carboneum [C8] Token not found

Project Carebit not found

Project CariNet not found

Project Carlive Chain not found

Project Cashbery Coin not found

Project Cashcoin not found

Project CasinoCoin not found

Project Catcoin not found

Project CatoCoin not found

Project Cazcoin not found

Project Centrality not found

Project Centurion not found

Project ChainCoin not found

Project ChanCoin not found

Project ChatCoin not found

Project Cheapcoin not found

Project ChessCoin not found

Project CHIPS not found

Project Circuits of Value not found

Project Citadel not found

Project CK USD not found

Project Clams not found

Project Clipper Coin not found

Project CloakCoin not found

Project ClubCoin not found

Project CMITCOIN not found

Project CoffeeCoin not found

Project Coimatic 2.0 not found

Project Coimatic 3.0 not found

Project Coin(O) not found

Project Coin2.1 not found

Project Coin2Play not found

Project CoinMeet not found

Project Coinonat not found

Project CoinonatX not found

Project ColossusXT not found

Project Comet not found

Project Commercium not found

Project Compound Coin not found

Project CompuCoin not found

Project COMSA [ETH] not found

Project COMSA [XEM] not found

Project Concierge Coin not found

Project Concoin not found

Project Condensate not found

Project Condominium not found

Project CanonChain not found

Project Content and AD Network not found

Project CottonCoin not found

Project Couchain not found

Project Coupecoin not found

Project CPChain not found

Project Crave not found

Project Credence Coin not found

Project Credit Tag Chain not found

Project Creditbit not found

Project CrevaCoin not found

Project CROAT not found

Project Cropcoin not found

Project CryptCoin not found

Project Crypto Harbor Exchange not found

Project CryptoFlow not found

Project Cryptojacks not found

Project Cryptonite not found

Project CryptopiaFeeShares not found

Project Cryptrust not found

Project Curecoin not found

Project Cybereits not found

Project CyberFM not found

Project CyberMusic not found

Project CyberVein not found

Project Cyder not found

Project Dalecoin not found

Project DarexTravel not found

Project Darsek not found

Project DasCoin not found

Project Dashcoin not found

Project Datacoin not found

Project Davinci Coin not found

Project DaxxCoin not found

Project Debitcoin not found

Project DeepOnion not found

Project Delphy not found

Project DeltaChain not found

Project Denarius not found

Project Dero not found

Project Desire not found

Project DeusCoin not found

Project Deutsche eMark not found

Project DeviantCoin not found

Project DEW not found

Project DigiByte not found

Project DigiFinexToken not found

Project Digital Money Bits not found

Project Digital Rupees not found

Project Digitalcoin not found

Project DigitalPrice not found

Project Dignity not found

Project Dimecoin not found

Project Dinastycoin not found

Project Dix Asset not found

Project DNotes not found

Project Dogecoin not found

Project Dollar Online not found

Project Dollarcoin not found

Project Donationcoin not found

Project DopeCoin not found

Project Dotcoin not found

Project DOWCOIN not found

Project DPRating not found

Project DraftCoin not found

Project Dreamcoin not found

Project DROXNE not found

Project DubaiCoin not found

Project Dutch Coin not found

Project DWS not found

Project Dynamic not found

Project DynamicCoin not found

Project Dystem not found

Project E-Dinar Coin not found

Project e-Gulden not found

Project EA Coin not found

Project EagleCoin not found

Project EBCH not found

Project eBoost not found

Project eBitcoin not found

Project ECC not found

Project EchoLink not found

Project EcoCoin not found

Project EDRCoin not found

Project EDUCare not found

Project Education Ecosystem not found

Project Einsteinium not found

Project EJOY not found

Project Elastic not found

Project Electra not found

Project Electronic PK Chain not found

Project Elementrem not found

Project Eligma Token not found

Project EliteShipperToken not found

Project Elixir not found

Project Ellaism not found

Project Elliot Coin not found

Project ELTCOIN not found

Project Elysium not found

Project EmberCoin not found

Project Emerald Crypto not found

Project Emercoin not found

Project empowr coin not found

Project EncryptoTel [ETH] not found

Project Endorsit not found

Project ENTCash not found

Project eosBLACK not found

Project eosDAC not found

Project EPLUS Coin not found

Project Equal not found

Project EquiTrader not found

Project ERC20 not found

Project Eryllium not found

Project EscrowCoin not found

Project Espers not found

Project Esports Token not found

Project ETERNAL TOKEN not found

Project EthBet not found

Project Ether Kingdoms Token not found

Project Ether Zero not found

Project EtherDelta Token not found

Project Blue Protocol not found

Project Ethereum Dark not found

Project Ethereum Gold not found

Project Ethereum Lite not found

Project Ethereum Cash not found

Project EtherGem not found

Project Ethersocial not found

Project EUNO not found

Project EuropeCoin not found

Project EvenCoin not found

Project EverGreenCoin not found

Project Everipedia not found

Project Evil Coin not found

Project Evimeria not found

Project Excaliburcoin not found

Project ExchangeN not found

Project ExclusiveCoin not found

Project Experience Points not found

Project Experience Token not found

Project EXRNchain not found

Project Factom not found

Project FairCoin not found

Project FansTime not found

Project Fantasy Cash not found

Project FantasyGold not found

Project Fantomcoin not found

Project Fargocoin not found

Project Fastcoin not found

Project Feathercoin not found

Project FedoraCoin not found

Project Ferron not found

Project First Bitcoin Capital not found

Project First Bitcoin not found

Project FirstCoin not found

Project Flaxscript not found

Project FlutterCoin not found

Project Fluz Fluz not found

Project FNKOS not found

Project FOIN not found

Project FoldingCoin not found

Project FolmCoin not found

Project Forkcoin not found

Project Francs not found

Project Freicoin not found

Project Freyrchain not found

Project FujiCoin not found

Project FUTURAX not found

Project FuturoCoin not found

Project FuzzBalls not found

Project Gainer not found

Project Galactrum not found

Project Gambit not found

Project GambleCoin not found

Project GameChain System not found

Project Gapcoin not found

Project Garlicoin not found

Project GCN Coin not found

Project GeertCoin not found

Project Gene Source Code Chain not found

Project Gentarium not found

Project GeoCoin not found

Project GeyserCoin not found

Project Giant not found

Project GINcoin not found

Project GlassCoin not found

Project Global Cryptocurrency not found

Project Global Currency Reserve not found

Project Global Social Chain not found

Project Global Tour Coin not found

Project GlobalBoost-Y not found

Project GlobalToken not found

Project Globalvillage Ecosystem not found

Project Gold Poker not found

Project Gold Pressed Latinum not found

Project GOLD Reward Token not found

Project GoldBlocks not found

Project GoldMaxCoin not found

Project GoldPieces not found

Project Golfcoin not found

Project Goodomy not found

Project GrandCoin not found

Project Graphcoin not found

Project Graviocoin not found

Project GreenMed not found

Project GridCoin not found

Project Grimcoin not found

Project Groestlcoin not found

Project Growers International not found

Project GSENetwork not found

Project GuccioneCoin not found

Project Gulden not found

Project Guncoin not found

Project GXChain not found

Project HalalChain not found

Project Halcyon not found

Project Halloween Coin not found

Project Happycoin not found

Project Haracoin not found

Project HarmonyCoin not found

Project Harvest Masternode Coin not found

Project Haven Protocol not found

Project Havy not found

Project HealthyWormCoin not found

Project HEAT not found

Project Helleniccoin not found

Project Help The Homeless Coin not found

Project HempCoin not found

Project Hexx not found

Project Hi Mutual Society not found

Project High Gain not found

Project High Performance Blockchain not found

Project High Voltage not found

Project HighCoin not found

Project HoboNickels not found

Project HODL Bucks not found

Project HOdlcoin not found

Project HollyWoodCoin not found

Project HorusPay not found

Project Hshare not found

Project HTMLCOIN not found

Project Huncoin not found

Project HunterCoin not found

Project Hydro Protocol not found

Project Hyper Pay not found

Project HyperStake not found

Project I0Coin not found

Project ICO OpenLedger not found

Project ICOBID not found

Project IDEX Membership not found

Project IDOL COIN not found

Project iEthereum not found

Project Ignition not found

Project IGToken not found

Project IncaKoin not found

Project Independent Money System not found

Project Infinipay not found

Project Infinitecoin not found

Project Infinity Economics not found

Project InflationCoin not found

Project Influence Chain not found

Project Influxcoin not found

Project INO COIN not found

Project InsaneCoin not found

Project Insight Chain not found

Project InsurChain not found

Project Intelligent Investment Chain not found

Project InterCrone not found

Project Internet Node Token not found

Project Internet of Games not found

Project Internet of People not found

Project Internet of Things not found

Project Stellar Holdings not found

Project Interzone not found

Project InvestDigital not found

Project Invictus Hyperion Fund not found

Project IoT Chain not found

Project IrishCoin not found

Project Ixcoin not found

Project JavaScript Token not found

Project Jetcoin not found

Project Jingtum Tech not found

Project Jiyo not found

Project JobsCoin not found

Project Joincoin not found

Project Joulecoin not found

Project Kalkulus not found

Project KanadeCoin not found

Project KekCoin not found

Project KingN Coin not found

Project KingXChain not found

Project KlondikeCoin not found

Project Kobocoin not found

Project Kolion not found

Project Kore not found

Project Kronecoin not found

Project KuCoin Shares not found

Project Kurrent not found

Project KushCoin not found

Project KWHCoin not found

Project LanaCoin not found

Project Latino Token not found

Project LeaCoin not found

Project LEOcoin not found

Project Lethean not found

Project Levocoin not found

Project LevoPlus not found

Project LightChain not found

Project Lightning Bitcoin not found

Project Lightpaycoin not found

Project Linfinity not found

Project Linx not found

Project LiteBar not found

Project LiteBitcoin not found

Project Litecoin Plus not found

Project LiteCoin Ultra not found

Project Litecred not found

Project LiteDoge not found

Project Litex not found

Project Lobstex not found

Project LogisCoin not found

Project LoMoCoin not found

Project Luna Coin not found

Project LUXCoin not found

Project Machinecoin not found

Project MACRON not found

Project Maggie not found

Project Magi not found

Project MagicCoin not found

Project Magnet not found

Project Magnetcoin not found

Project Magnum not found

Project Mainstream For The Underground not found

Project Maker not found

Project Mao Zedong not found

Project Marijuanacoin not found

Project Marscoin not found

Project MarteXcoin not found

Project MarxCoin not found

Project Masari not found

Project MassGrid not found

Project Master Contract Token not found

Project Master Swiscoin not found

Project Masternodecoin not found

Project Maverick Chain not found

Project MaxCoin not found

Project MAZA not found

Project MediBloc [QRC20] not found

Project MedicCoin not found

Project MediShares not found

Project MEET.ONE not found

Project Megacoin not found

Project Memetic / PepeCoin not found

Project Mero not found

Project Metaverse ETP not found

Project MIB Coin not found

Project MiloCoin not found

Project Mincoin not found

Project Mindexcoin not found

Project Minereum not found

Project Miners&#39; Reward Token not found

Project MintCoin not found

Project Mirai not found

Project MIRQ not found

Project Mixin not found

Project MktCoin not found

Project MOAC not found

Project Moin not found

Project MojoCoin not found

Project Molecular Future not found

Project Monoeci not found

Project MonaCoin not found

Project Monero Classic not found

Project Monero Original not found

Project MonetaryUnit not found

Project Monkey Project not found

Project Mooncoin not found

Project More Coin not found

Project Motocoin not found

Project Moving Cloud Coin not found

Project Mozo Token not found

Project MSD not found

Project MTC Mesh Network not found

Project MustangCoin not found

Project MyToken not found

Project NAM COIN not found

Project Namecoin not found

Project NamoCoin not found

Project NANJCOIN not found

Project Nasdacoin not found

Project NavCoin not found

Project Nectar not found

Project Nekonium not found

Project NEO GOLD not found

Project NeosCoin not found

Project NetCoin not found

Project Netko not found

Project NetKoin not found

Project Neutron not found

Project NevaCoin not found

Project New Power Coin not found

Project Nework not found

Project NewsToken not found

Project Newton Coin Project not found

Project NewYorkCoin not found

Project Niobio Cash not found

Project Niobium Coin not found

Project No BS Crypto not found

Project Noah Coin not found

Project NobleCoin not found

Project NoLimitCoin not found

Project Novacoin not found

Project NuBits not found

Project Nullex not found

Project Nuls not found

Project Numeraire not found

Project Numus not found

Project NuShares not found

Project Nyancoin not found

Project Nyerium not found

Project Obitan Chain not found

Project OceanChain not found

Project Oceanlab not found

Project OctoCoin not found

Project Octoin Coin not found

Project OFCOIN not found

Project OKCash not found

Project Olive not found

Project Olympic not found

Project Omicron not found

Project OneRoot Network not found

Project SoMee.Social not found

Project OPCoinX not found

Project OracleChain not found

Project Orbis Token not found

Project Orbitcoin not found

Project Ordocoin not found

Project Origin Sport not found

Project Ormeus Coin not found

Project OTCBTC Token not found

Project Pabyosi Coin (Special) not found

Project PACcoin not found

Project Pakcoin not found

Project Pandacoin not found

Project ParallelCoin not found

Project ParkByte not found

Project ParkinGo not found

Project Pascal Coin not found

Project Pascal Lite not found

Project PayDay Coin not found

Project Paypex not found

Project PeepCoin not found

Project Peercoin not found

Project Penguin Coin not found

Project Pepe Cash not found

Project Pesetacoin not found

Project PetroDollar not found

Project Phantomx not found

Project Philosopher Stones not found

Project Phoenixcoin not found

Project Phore not found

Project Photon not found

Project PIECoin not found

Project Pigeoncoin not found

Project Piggycoin not found

Project PinkCoin not found

Project Pioneer Coin not found

Project PiplCoin not found

Project Pirl not found

Project PIVX not found

Project Pixie Coin not found

Project PKG Token not found

Project PlatinumBAR not found

Project PlayCoin not found

Project PLNcoin not found

Project PluraCoin not found

Project Polcoin not found

Project POLY AI not found

Project PonziCoin not found

Project POPCHAIN not found

Project PopularCoin not found

Project PosEx not found

Project PostCoin not found

Project PoSToken not found

Project PoSW Coin not found

Project PWR Coin not found

Project President Johnson not found

Project President Trump not found

Project PressOne not found

Project Primas not found

Project Prime-XI not found

Project Primecoin not found

Project Printex not found

Project PRiVCY not found

Project PRIZM not found

Project ProCurrency not found

Project Profile Utility Token not found

Project Project Coin not found

Project Project Pai not found

Project Project-X not found

Project Promotion Coin not found

Project Protean not found

Project Proton Token not found

Project Prototanium not found

Project PROUD Money not found

Project Proxeus not found

Project Pura not found

Project PureVidz not found

Project PutinCoin not found

Project Qbic not found

Project Quanta Utility Token not found

Project Quatloo not found

Project Qube not found

Project QubitCoin not found

Project Qubitica not found

Project Quebecoin not found

Project QunQun not found

Project Quotient not found

Project Qwark not found

Project QYNO not found

Project RabbitCoin not found

Project Radium not found

Project Ravencoin not found

Project RealChain not found

Project RealTract not found

Project REBL not found

Project Red Pulse Phoenix not found

Project RedCoin not found

Project ReddCoin not found

Project Regacoin not found

Project Relex not found

Project Renos not found

Project Rentledger not found

Project RevolutionVR not found

Project RevolverCoin not found

Project Rhenium not found

Project RichCoin not found

Project Rimbit not found

Project RonPaulCoin not found

Project Roofs not found

Project RouletteToken not found

Project Royalties not found

Project RRCoin not found

Project Rubex Money not found

Project Rubies not found

Project Rubycoin not found

Project Ruff not found

Project Runners not found

Project Rupaya not found

Project Rupee not found

Project RussiaCoin not found

Project Ryo Currency not found

Project Safe Exchange Coin not found

Project Safe Trade Coin not found

Project SagaCoin not found

Project Sakura Bloom not found

Project Sakuracoin not found

Project SaluS not found

Project Sativacoin not found

Project Save and Gain not found

Project SaveNode not found

Project Scorum Coins not found

Project SCRL not found

Project SecretCoin not found

Project SecureCloudCoin not found

Project SecureCoin not found

Project SEER not found

Project SegWit2x not found

Project SelfSell not found

Project Semux not found

Project Senderon not found

Project Sequence not found

Project Sexcoin not found

Project SHACoin not found

Project Shadow Token not found

Project Sharechain not found

Project ShareX not found

Project Sharkcoin not found

Project Shekel not found

Project ShineChain not found

Project ShowHand not found

Project SiaCashCoin not found

Project Siacoin not found

Project SIBCoin not found

Project SIGMAcoin not found

Project SIRIN LABS Token not found

Project Six Domain Chain not found

Project SixEleven not found

Project SJWCoin not found

Project Skeincoin not found

Project Slevin not found

Project Smart Application Chain not found

Project SmartCash not found

Project SmartCoin not found

Project smARTOFGIVING not found

Project Smartshare not found

Project SmileyCoin not found

Project SnipCoin not found

Project SnowGem not found

Project Soarcoin not found

Project Social Lending Token not found

Project Social Send not found

Project SocialCoin not found

Project SOILcoin not found

Project SolarCoin not found

Project Solarflarecoin not found

Project Solaris not found

Project SongCoin not found

Project Soniq not found

Project SoonCoin not found

Project SoPay not found

Project Sovereign Hero not found

Project SpaceChain not found

Project SpaceCoin not found

Project Spectre.ai Dividend Token not found

Project Spectre.ai Utility Token not found

Project Spectrecoin not found

Project SpeedCash not found

Project Spendcoin not found

Project SportyCo not found

Project SpreadCoin not found

Project Sprouts not found

Project SRCOIN not found

Project Stakenet not found

Project Staker not found

Project StarCash Network not found

Project StarChain not found

Project Startcoin not found

Project StarterCoin not found

Project STASIS EURS not found

Project Steem Dollars not found

Project Steem not found

Project Stellite not found

Project Sterlingcoin not found

Project Stipend not found

Project STRAKS not found

Project StrongHands not found

Project Sugar Exchange not found

Project Sumokoin not found

Project Super Bitcoin not found

Project Super Game Chain not found

Project SuperCoin not found

Project SuperEdge not found

Project Superior Coin not found

Project SuperNET not found

Project Swarm City not found

Project SwftCoin not found

Project Swisscoin not found

Project Synergy not found

Project Syscoin not found

Project T-coin not found

Project TagCoin not found

Project TajCoin not found

Project Tattoocoin (Limited Edition) not found

Project Tattoocoin (Standard Edition) not found

Project TEKcoin not found

Project Tellurion not found

Project Terracoin not found

Project TerraNova not found

Project TeslaCoilCoin not found

Project TeslaCoin not found

Project The ChampCoin not found

Project The Cypherfunks not found

Project Theresa May Coin not found

Project Thingschain not found

Project ThingsOperatingSystem not found

Project Thore Cash not found

Project ThoreCoin not found

Project Thunderstake not found

Project Ti-Value not found

Project Tidex Token not found

Project Ties.DB not found

Project Tigercoin not found

Project Timicoin not found

Project Titcoin not found

Project TittieCoin not found

Project ToaCoin not found

Project TokenClub not found

Project TokenDesk not found

Project Tokugawa not found

Project TOKYO not found

Project TopChain not found

Project Tourist Token not found

Project Traceability Chain not found

Project CryptoInsight not found

Project Tracto not found

Project TransferCoin not found

Project TrezarCoin not found

Project Triangles not found

Project Trident Group not found

Project Triggers not found

Project Trittium not found

Project Trollcoin not found

Project Truckcoin not found

Project TrueChain not found

Project TrumpCoin not found

Project TrustNote not found

Project TrustPlus not found

Project TurboCoin not found

Project Turtlecoin not found

Project Twinkle not found

Project TWIST not found

Project Ubcoin Market not found

Project Ubique Chain Of Things not found

Project United Crypto Community not found

Project ugChain not found

Project Ulord not found

Project Ultimate Secure Cash not found

Project Ultra Salescloud not found

Project UltraCoin not found

Project UltraNote Coin not found

Project UnbreakableCoin not found

Project Uniform Fiscal Object not found

Project Unify not found

Project Unikoin Gold not found

Project Unitus not found

Project Universal Currency not found

Project UniversalRoyalCoin not found

Project UnlimitedIP not found

Project Unobtanium not found

Project UralsCoin not found

Project ValueChain not found

Project ValueCyberToken not found

Project VapersCoin not found

Project Vault Coin not found

Project VeChain not found

Project VectorAI not found

Project Veltor not found

Project Verge not found

Project VeriCoin not found

Project VeriDocGlobal not found

Project VeriumReserve not found

Project Veros not found

Project Version not found

Project Vertcoin not found

Project VeThor Token not found

Project Viacoin not found

Project Vipstar Coin not found

Project Virta Unique Coin not found

Project Virtacoin not found

Project Vitae not found

Project Vivid Coin not found

Project VIVO not found

Project vSlice not found

Project vSportCoin not found

Project Vsync not found

Project Vulcano [OLD] not found

Project VULCANO not found

Project WA Space not found

Project WABnetwork not found

Project Waltonchain not found

Project Wavebase not found

Project WavesGo not found

Project WaykiChain not found

Project WeAreSatoshi not found

Project WETH not found

Project WhaleCoin not found

Project White Standard not found

Project WhiteCoin not found

Project Wiki Token not found

Project Wild Beast Block not found

Project WINCOIN not found

Project Wink not found

Project WinToken not found

Project WomenCoin not found

Project Woodcoin not found

Project WorldCoin not found

Project wys Token not found

Project X-Coin not found

Project XcelToken not found

Project XDNA not found

Project Xenon not found

Project XGOX not found

Project XinFin Network not found

Project XMax not found

Project XOVBank not found

Project XRTFoundation not found

Project XTRABYTES not found

Project YEE not found

Project YENTEN not found

Project Yocoin not found

Project YoloCash not found

Project YOU COIN not found

Project YouLive Coin not found

Project Yuan Chain Coin not found

Project YUKI not found

Project Zayedcoin not found

Project ZClassic not found

Project ZCore not found

Project Zeitcoin not found

Project ZelCash not found

Project Horizen not found

Project Zennies not found

Project ZEST not found

Project Zetacoin not found

Project ZetaMicron not found

Project Zeusshield not found

Project Zippie not found

Project ZMINE not found

Project Zoin not found

Project Zoomba not found

Project ZoZoCoin not found

Project ZSEcoin not found

Project Zurcoin not found
